<?xml version="1.0" encoding="utf-8"?><testsuites name="pytest tests"><testsuite name="pytest" errors="0" failures="0" skipped="0" tests="25" time="7.211" timestamp="2026-06-24T18:15:23.980047+00:00" hostname="agent-env-e4fbe16c-c2cf-4ad8-9cc7-5fcb5ab26f6b"><testcase classname="test_rideve_api" name="test_health" time="0.221" /><testcase classname="test_rideve_api" name="test_seed_users_exist" time="0.473" /><testcase classname="test_rideve_api" name="test_register_and_me" time="0.506" /><testcase classname="test_rideve_api" name="test_login_wrong_password" time="0.390" /><testcase classname="test_rideve_api" name="test_me_without_token" time="0.096" /><testcase classname="test_rideve_api" name="test_passenger_balance_is_25" time="0.332" /><testcase classname="test_rideve_api" name="test_bank_config" time="0.110" /><testcase classname="test_rideve_api" name="test_recharge_create_and_list" time="0.278" /><testcase classname="test_rideve_api" name="test_recharge_invalid_amount" time="0.103" /><testcase classname="test_rideve_api" name="test_wallet_history" time="0.102" /><testcase classname="test_rideve_api" name="test_admin_endpoint_rejects_passenger" time="0.150" /><testcase classname="test_rideve_api" name="test_driver_endpoint_rejects_passenger" time="0.095" /><testcase classname="test_rideve_api" name="test_drivers_nearby" time="0.104" /><testcase classname="test_rideve_api" name="test_estimate" time="0.103" /><testcase classname="test_rideve_api" name="test_insufficient_balance_402" time="0.479" /><testcase classname="test_rideve_api" name="test_ride_available_for_driver" time="0.963" /><testcase classname="test_rideve_api" name="test_ride_accept_start_complete_and_wallet" time="0.761" /><testcase classname="test_rideve_api" name="test_chat_messages" time="0.337" /><testcase classname="test_rideve_api" name="test_rate_ride_after_completion" time="0.214" /><testcase classname="test_rideve_api" name="test_driver_cannot_rate" time="0.093" /><testcase classname="test_rideve_api" name="test_rides_mine" time="0.107" /><testcase classname="test_rideve_api" name="test_admin_approve_recharge" time="0.589" /><testcase classname="test_rideve_api" name="test_admin_reject_recharge" time="0.294" /><testcase classname="test_rideve_api" name="test_admin_stats" time="0.115" /><testcase classname="test_rideve_api" name="test_admin_bank_config_update" time="0.131" /></testsuite></testsuites>